1625559113866	geckodriver	INFO	Listening on 127.0.0.1:56642
1625559116939	mozrunner::runner	INFO	Running command: "C:\\Program Files\\Mozilla Firefox\\firefox.exe" "--marionette" "-foreground" "-no-remote" "-profile" "C:\\Users\\ssumanth\\AppData\\Local\\Temp\\rust_mozprofileJOKCGr"
1625559117388	Marionette	INFO	Marionette enabled
console.warn: SearchSettings: "get: No settings file exists, new profile?" (new Error("", "(unknown module)"))
1625559119419	Marionette	INFO	Listening on port 56650
1625559119606	Marionette	WARN	TLS certificate errors will be ignored for this session
JavaScript error: https://support.hpe.com/resource3/hpsc/hf/js/saHeaderFooterBootstrap.js?v=PI25, line 74: ReferenceError: Coveo is not defined
console.log: WebExtensions: reset-default-search: starting.
console.log: WebExtensions: reset-default-search: No addons in our list are installed.
JavaScript error: https://support.hpe.com/resource3/hpsc/hf/js/saHeaderFooterBootstrap.js?v=PI25, line 74: ReferenceError: Coveo is not defined
JavaScript error: https://support.hpe.com/resource3/hpsc/hf/js/saHeaderFooterBootstrap.js?v=PI25, line 74: ReferenceError: Coveo is not defined
JavaScript error: https://support.hpe.com/resource3/hpsc/hf/js/saHeaderFooterBootstrap.js?v=PI25, line 74: ReferenceError: Coveo is not defined
JavaScript error: https://support.hpe.com/resource3/hpsc/hf/js/saHeaderFooterBootstrap.js?v=PI25, line 74: ReferenceError: Coveo is not defined
JavaScript error: https://support.hpe.com/resource3/hpsc/hf/js/saHeaderFooterBootstrap.js?v=PI25, line 74: ReferenceError: Coveo is not defined
JavaScript error: https://support.hpe.com/resource3/hpsc/hf/js/saHeaderFooterBootstrap.js?v=PI25, line 74: ReferenceError: Coveo is not defined
JavaScript error: https://support.hpe.com/resource3/hpsc/hf/js/saHeaderFooterBootstrap.js?v=PI25, line 74: ReferenceError: Coveo is not defined
JavaScript error: https://support.hpe.com/resource3/hpsc/hf/js/saHeaderFooterBootstrap.js?v=PI25, line 74: ReferenceError: Coveo is not defined
JavaScript error: https://support.hpe.com/resource3/hpsc/hf/js/saHeaderFooterBootstrap.js?v=PI25, line 74: ReferenceError: Coveo is not defined
JavaScript error: https://support.hpe.com/resource3/hpsc/hf/js/saHeaderFooterBootstrap.js?v=PI25, line 74: ReferenceError: Coveo is not defined
JavaScript error: https://support.hpe.com/resource3/hpsc/hf/js/saHeaderFooterBootstrap.js?v=PI25, line 74: ReferenceError: Coveo is not defined
JavaScript error: https://support.hpe.com/resource3/hpsc/hf/js/saHeaderFooterBootstrap.js?v=PI25, line 74: ReferenceError: Coveo is not defined
JavaScript error: https://support.hpe.com/resource3/hpsc/hf/js/saHeaderFooterBootstrap.js?v=PI25, line 74: ReferenceError: Coveo is not defined
JavaScript error: https://support.hpe.com/resource3/hpsc/hf/js/saHeaderFooterBootstrap.js?v=PI25, line 74: ReferenceError: Coveo is not defined
JavaScript error: https://support.hpe.com/resource3/hpsc/hf/js/saHeaderFooterBootstrap.js?v=PI25, line 74: ReferenceError: Coveo is not defined
JavaScript error: https://support.hpe.com/resource3/hpsc/hf/js/saHeaderFooterBootstrap.js?v=PI25, line 74: ReferenceError: Coveo is not defined
JavaScript error: https://support.hpe.com/resource3/hpsc/hf/js/saHeaderFooterBootstrap.js?v=PI25, line 74: ReferenceError: Coveo is not defined
JavaScript error: https://support.hpe.com/resource3/hpsc/hf/js/saHeaderFooterBootstrap.js?v=PI25, line 74: ReferenceError: Coveo is not defined
JavaScript error: https://support.hpe.com/resource3/hpsc/hf/js/saHeaderFooterBootstrap.js?v=PI25, line 74: ReferenceError: Coveo is not defined
JavaScript error: https://support.hpe.com/resource3/hpsc/hf/js/saHeaderFooterBootstrap.js?v=PI25, line 74: ReferenceError: Coveo is not defined
JavaScript error: https://support.hpe.com/resource3/hpsc/hf/js/saHeaderFooterBootstrap.js?v=PI25, line 74: ReferenceError: Coveo is not defined
JavaScript error: https://support.hpe.com/resource3/hpsc/hf/js/saHeaderFooterBootstrap.js?v=PI25, line 74: ReferenceError: Coveo is not defined
JavaScript error: https://support.hpe.com/resource3/hpsc/hf/js/saHeaderFooterBootstrap.js?v=PI25, line 74: ReferenceError: Coveo is not defined
JavaScript error: https://support.hpe.com/resource3/hpsc/hf/js/saHeaderFooterBootstrap.js?v=PI25, line 74: ReferenceError: Coveo is not defined
JavaScript error: https://support.hpe.com/resource3/hpsc/hf/js/saHeaderFooterBootstrap.js?v=PI25, line 74: ReferenceError: Coveo is not defined
JavaScript error: https://support.hpe.com/resource3/hpsc/hf/js/saHeaderFooterBootstrap.js?v=PI25, line 74: ReferenceError: Coveo is not defined
JavaScript error: https://support.hpe.com/resource3/hpsc/hf/js/saHeaderFooterBootstrap.js?v=PI25, line 74: ReferenceError: Coveo is not defined
JavaScript error: https://support.hpe.com/resource3/hpsc/hf/js/saHeaderFooterBootstrap.js?v=PI25, line 74: ReferenceError: Coveo is not defined
JavaScript error: https://support.hpe.com/resource3/hpsc/hf/js/saHeaderFooterBootstrap.js?v=PI25, line 74: ReferenceError: Coveo is not defined
JavaScript error: https://support.hpe.com/resource3/hpsc/hf/js/saHeaderFooterBootstrap.js?v=PI25, line 74: ReferenceError: Coveo is not defined
JavaScript error: https://support.hpe.com/resource3/hpsc/hf/js/saHeaderFooterBootstrap.js?v=PI25, line 74: ReferenceError: Coveo is not defined
JavaScript error: , line 0: AbortError: The operation was aborted. 
JavaScript error: , line 0: AbortError: The operation was aborted. 
JavaScript error: , line 0: AbortError: The operation was aborted. 
JavaScript error: , line 0: AbortError: The operation was aborted. 
JavaScript error: https://support.hpe.com/resource3/hpsc/hf/js/saHeaderFooterBootstrap.js?v=PI25, line 74: ReferenceError: Coveo is not defined
JavaScript error: , line 0: AbortError: The operation was aborted. 
JavaScript error: , line 0: AbortError: The operation was aborted. 
JavaScript error: , line 0: AbortError: The operation was aborted. 
JavaScript error: , line 0: AbortError: The operation was aborted. 
JavaScript error: , line 0: AbortError: The operation was aborted. 
JavaScript error: https://support.hpe.com/resource3/hpsc/hf/js/saHeaderFooterBootstrap.js?v=PI25, line 74: ReferenceError: Coveo is not defined
JavaScript error: https://support.hpe.com/resource3/hpsc/hf/js/saHeaderFooterBootstrap.js?v=PI25, line 74: ReferenceError: Coveo is not defined
JavaScript error: , line 0: AbortError: The operation was aborted. 
JavaScript error: https://support.hpe.com/resource3/hpsc/hf/js/saHeaderFooterBootstrap.js?v=PI25, line 74: ReferenceError: Coveo is not defined
JavaScript error: , line 0: AbortError: The operation was aborted. 
JavaScript error: https://support.hpe.com/resource3/hpsc/hf/js/saHeaderFooterBootstrap.js?v=PI25, line 74: ReferenceError: Coveo is not defined
JavaScript error: https://support.hpe.com/resource3/hpsc/hf/js/saHeaderFooterBootstrap.js?v=PI25, line 74: ReferenceError: Coveo is not defined
JavaScript error: , line 0: AbortError: The operation was aborted. 
JavaScript error: , line 0: AbortError: The operation was aborted. 
JavaScript error: , line 0: AbortError: The operation was aborted. 
JavaScript error: , line 0: AbortError: The operation was aborted. 
JavaScript error: , line 0: AbortError: The operation was aborted. 
JavaScript error: https://support.hpe.com/resource3/hpsc/hf/js/saHeaderFooterBootstrap.js?v=PI25, line 74: ReferenceError: Coveo is not defined
JavaScript error: , line 0: AbortError: The operation was aborted. 
JavaScript error: , line 0: AbortError: The operation was aborted. 
JavaScript error: , line 0: AbortError: The operation was aborted. 
JavaScript error: https://support.hpe.com/resource3/hpsc/hf/js/saHeaderFooterBootstrap.js?v=PI25, line 74: ReferenceError: Coveo is not defined
JavaScript error: https://support.hpe.com/resource3/hpsc/hf/js/saHeaderFooterBootstrap.js?v=PI25, line 74: ReferenceError: Coveo is not defined
JavaScript error: https://support.hpe.com/resource3/hpsc/hf/js/saHeaderFooterBootstrap.js?v=PI25, line 74: ReferenceError: Coveo is not defined
JavaScript error: https://support.hpe.com/resource3/hpsc/hf/js/saHeaderFooterBootstrap.js?v=PI25, line 74: ReferenceError: Coveo is not defined
JavaScript error: https://support.hpe.com/resource3/hpsc/hf/js/saHeaderFooterBootstrap.js?v=PI25, line 74: ReferenceError: Coveo is not defined
JavaScript error: , line 0: AbortError: The operation was aborted. 
JavaScript error: https://support.hpe.com/resource3/hpsc/hf/js/saHeaderFooterBootstrap.js?v=PI25, line 74: ReferenceError: Coveo is not defined
JavaScript error: https://support.hpe.com/resource3/hpsc/hf/js/saHeaderFooterBootstrap.js?v=PI25, line 74: ReferenceError: Coveo is not defined
JavaScript error: https://support.hpe.com/resource3/hpsc/hf/js/saHeaderFooterBootstrap.js?v=PI25, line 74: ReferenceError: Coveo is not defined
JavaScript error: https://support.hpe.com/resource3/hpsc/hf/js/saHeaderFooterBootstrap.js?v=PI25, line 74: ReferenceError: Coveo is not defined
JavaScript error: https://support.hpe.com/resource3/hpsc/hf/js/saHeaderFooterBootstrap.js?v=PI25, line 74: ReferenceError: Coveo is not defined
JavaScript error: , line 0: AbortError: The operation was aborted. 
JavaScript error: , line 0: AbortError: The operation was aborted. 
JavaScript error: , line 0: AbortError: The operation was aborted. 
JavaScript error: https://support.hpe.com/resource3/hpsc/hf/js/saHeaderFooterBootstrap.js?v=PI25, line 74: ReferenceError: Coveo is not defined
JavaScript error: , line 0: AbortError: The operation was aborted. 
JavaScript error: , line 0: AbortError: The operation was aborted. 
JavaScript error: , line 0: AbortError: The operation was aborted. 
JavaScript error: https://support.hpe.com/resource3/hpsc/hf/js/saHeaderFooterBootstrap.js?v=PI25, line 74: ReferenceError: Coveo is not defined
JavaScript error: , line 0: AbortError: The operation was aborted. 
JavaScript error: https://support.hpe.com/resource3/hpsc/hf/js/saHeaderFooterBootstrap.js?v=PI25, line 74: ReferenceError: Coveo is not defined
JavaScript error: , line 0: AbortError: The operation was aborted. 
JavaScript error: , line 0: AbortError: The operation was aborted. 
JavaScript error: , line 0: AbortError: The operation was aborted. 
JavaScript error: , line 0: AbortError: The operation was aborted. 
JavaScript error: , line 0: AbortError: The operation was aborted. 
JavaScript error: https://support.hpe.com/resource3/hpsc/hf/js/saHeaderFooterBootstrap.js?v=PI25, line 74: ReferenceError: Coveo is not defined
JavaScript error: , line 0: AbortError: The operation was aborted. 
JavaScript error: , line 0: AbortError: The operation was aborted. 
JavaScript error: , line 0: AbortError: The operation was aborted. 
JavaScript error: , line 0: AbortError: The operation was aborted. 
JavaScript error: https://support.hpe.com/resource3/hpsc/hf/js/saHeaderFooterBootstrap.js?v=PI25, line 74: ReferenceError: Coveo is not defined
JavaScript error: https://support.hpe.com/resource3/hpsc/hf/js/saHeaderFooterBootstrap.js?v=PI25, line 74: ReferenceError: Coveo is not defined
JavaScript error: , line 0: AbortError: The operation was aborted. 
JavaScript error: https://support.hpe.com/resource3/hpsc/hf/js/saHeaderFooterBootstrap.js?v=PI25, line 74: ReferenceError: Coveo is not defined
JavaScript error: , line 0: AbortError: The operation was aborted. 
JavaScript error: , line 0: AbortError: The operation was aborted. 
JavaScript error: https://support.hpe.com/resource3/hpsc/hf/js/saHeaderFooterBootstrap.js?v=PI25, line 74: ReferenceError: Coveo is not defined
JavaScript error: , line 0: AbortError: The operation was aborted. 
JavaScript error: https://support.hpe.com/resource3/hpsc/hf/js/saHeaderFooterBootstrap.js?v=PI25, line 74: ReferenceError: Coveo is not defined
JavaScript error: , line 0: AbortError: The operation was aborted. 
JavaScript error: https://support.hpe.com/resource3/hpsc/hf/js/saHeaderFooterBootstrap.js?v=PI25, line 74: ReferenceError: Coveo is not defined
JavaScript error: https://support.hpe.com/resource3/hpsc/hf/js/saHeaderFooterBootstrap.js?v=PI25, line 74: ReferenceError: Coveo is not defined
JavaScript error: https://support.hpe.com/resource3/hpsc/hf/js/saHeaderFooterBootstrap.js?v=PI25, line 74: ReferenceError: Coveo is not defined
JavaScript error: https://support.hpe.com/resource3/hpsc/hf/js/saHeaderFooterBootstrap.js?v=PI25, line 74: ReferenceError: Coveo is not defined
JavaScript error: https://support.hpe.com/resource3/hpsc/hf/js/saHeaderFooterBootstrap.js?v=PI25, line 74: ReferenceError: Coveo is not defined
JavaScript error: https://support.hpe.com/resource3/hpsc/hf/js/saHeaderFooterBootstrap.js?v=PI25, line 74: ReferenceError: Coveo is not defined
JavaScript error: https://support.hpe.com/resource3/hpsc/hf/js/saHeaderFooterBootstrap.js?v=PI25, line 74: ReferenceError: Coveo is not defined
JavaScript error: https://support.hpe.com/resource3/hpsc/hf/js/saHeaderFooterBootstrap.js?v=PI25, line 74: ReferenceError: Coveo is not defined
JavaScript error: https://support.hpe.com/resource3/hpsc/hf/js/saHeaderFooterBootstrap.js?v=PI25, line 74: ReferenceError: Coveo is not defined
JavaScript error: https://support.hpe.com/resource3/hpsc/hf/js/saHeaderFooterBootstrap.js?v=PI25, line 74: ReferenceError: Coveo is not defined
JavaScript error: https://support.hpe.com/resource3/hpsc/hf/js/saHeaderFooterBootstrap.js?v=PI25, line 74: ReferenceError: Coveo is not defined
JavaScript error: https://support.hpe.com/resource3/hpsc/hf/js/saHeaderFooterBootstrap.js?v=PI25, line 74: ReferenceError: Coveo is not defined
JavaScript error: https://support.hpe.com/resource3/hpsc/hf/js/saHeaderFooterBootstrap.js?v=PI25, line 74: ReferenceError: Coveo is not defined
JavaScript error: https://support.hpe.com/resource3/hpsc/hf/js/saHeaderFooterBootstrap.js?v=PI25, line 74: ReferenceError: Coveo is not defined
JavaScript error: https://support.hpe.com/resource3/hpsc/hf/js/saHeaderFooterBootstrap.js?v=PI25, line 74: ReferenceError: Coveo is not defined
JavaScript error: https://support.hpe.com/resource3/hpsc/hf/js/saHeaderFooterBootstrap.js?v=PI25, line 74: ReferenceError: Coveo is not defined
JavaScript error: https://support.hpe.com/resource3/hpsc/hf/js/saHeaderFooterBootstrap.js?v=PI25, line 74: ReferenceError: Coveo is not defined
JavaScript error: https://support.hpe.com/resource3/hpsc/hf/js/saHeaderFooterBootstrap.js?v=PI25, line 74: ReferenceError: Coveo is not defined
1625567708325	Marionette	INFO	Stopped listening on port 56650

###!!! [Child][RunMessage] Error: Channel closing: too late to send/recv, messages will be lost

